#
# A fatal error has been detected by the Java Runtime Environment:
#
#  Internal Error (classFileParser.cpp:3494), pid=1532, tid=6400
#  Error: ShouldNotReachHere()
#
# JRE version: 6.0_38-b05
# Java VM: Java HotSpot(TM) 64-Bit Server VM (20.13-b02 mixed mode windows-amd64 compressed oops)
# If you would like to submit a bug report, please visit:
#   http://java.sun.com/webapps/bugreport/crash.jsp
#

---------------  T H R E A D  ---------------

Current thread (0x000000000054c000):  JavaThread "Unknown thread" [_thread_in_vm, id=6400, stack(0x0000000001f50000,0x0000000002050000)]

Stack: [0x0000000001f50000,0x0000000002050000]
[error occurred during error reporting (printing stack bounds), id 0xc0000005]


---------------  P R O C E S S  ---------------

Java Threads: ( => current thread )

Other Threads:

=>0x000000000054c000 (exited) JavaThread "Unknown thread" [_thread_in_vm, id=6400, stack(0x0000000001f50000,0x0000000002050000)]

VM state:not at safepoint (not fully initialized)

VM Mutex/Monitor currently owned by a thread: None

Dynamic libraries:
0x0000000000400000 - 0x000000000042f000 	C:\Program Files\Java\jre6\bin\javaw.exe
0x000007fd8f690000 - 0x000007fd8f850000 	C:\Windows\SYSTEM32\ntdll.dll
0x000007fd8d130000 - 0x000007fd8d266000 	C:\Windows\system32\KERNEL32.DLL
0x000007fd8c6f0000 - 0x000007fd8c7e3000 	C:\Windows\system32\KERNELBASE.dll
0x000007fd8cd40000 - 0x000007fd8ce1e000 	C:\Windows\system32\ADVAPI32.dll
0x000007fd8efd0000 - 0x000007fd8f11c000 	C:\Windows\system32\USER32.dll
0x000007fd8cfd0000 - 0x000007fd8d075000 	C:\Windows\system32\msvcrt.dll
0x000007fd8d0e0000 - 0x000007fd8d128000 	C:\Windows\SYSTEM32\sechost.dll
0x000007fd8f2a0000 - 0x000007fd8f3e5000 	C:\Windows\system32\RPCRT4.dll
0x000007fd8ca80000 - 0x000007fd8cbc1000 	C:\Windows\system32\GDI32.dll
0x000007fd8d500000 - 0x000007fd8d539000 	C:\Windows\system32\IMM32.DLL
0x000007fd8cc20000 - 0x000007fd8cd36000 	C:\Windows\system32\MSCTF.dll
0x000000006d810000 - 0x000000006dfcb000 	C:\Program Files\Java\jre6\bin\server\jvm.dll
0x000007fd85af0000 - 0x000007fd85b10000 	C:\Windows\SYSTEM32\WINMM.dll
0x000007fd85ab0000 - 0x000007fd85ae3000 	C:\Windows\SYSTEM32\WINMMBASE.dll
0x000007fd8c650000 - 0x000007fd8c69f000 	C:\Windows\SYSTEM32\cfgmgr32.dll
0x000007fd8c6a0000 - 0x000007fd8c6c2000 	C:\Windows\system32\DEVOBJ.dll
0x000000006d780000 - 0x000000006d78e000 	C:\Program Files\Java\jre6\bin\verify.dll
0x000000006d3b0000 - 0x000000006d3d7000 	C:\Program Files\Java\jre6\bin\java.dll
0x000000006d7d0000 - 0x000000006d7e2000 	C:\Program Files\Java\jre6\bin\zip.dll
0x000007fd8f5c0000 - 0x000007fd8f5c7000 	C:\Windows\system32\PSAPI.DLL

VM Arguments:
jvm_args: -Dfile.encoding=UTF-8 -Xbootclasspath:C:\_no_need_install\adt-bundle-windows-x86_64-20140321\sdk\platforms\android-18\android.jar 
java_command: com.pp.threadpool.TestThreadPool
Launcher Type: SUN_STANDARD

Environment Variables:
JAVA_HOME=C:\Program Files\Java\jdk1.6.0_38
CLASSPATH=.C:\Program Files\Java\jdk1.6.0_38\lib;C:\Program Files\Java\jdk1.6.0_38\lib\tools.jar
PATH=C:\Program Files (x86)\AMD APP\bin\x86_64;C:\Program Files (x86)\AMD APP\bin\x86;C:\Windows\system32;C:\Windows;C:\Windows\System32\Wbem;C:\Windows\System32\WindowsPowerShell\v1.0\;C:\Program Files\TortoiseSVN\bin;C:\Program Files\Java\jdk1.6.0_38\bin;C:\Program Files\Java\jdk1.6.0_38\jre\bin;C:\Program Files (x86)\ATI Technologies\ATI.ACE\Core-Static
USERNAME=Administrator
OS=Windows_NT
PROCESSOR_IDENTIFIER=Intel64 Family 6 Model 42 Stepping 7, GenuineIntel



---------------  S Y S T E M  ---------------

OS: Windows 8 , 64 bit Build 9200 

CPU:total 4 (2 cores per cpu, 2 threads per core) family 6 model 42 stepping 7, cmov, cx8, fxsr, mmx, sse, sse2, sse3, ssse3, sse4.1, sse4.2, popcnt, ht

Memory: 4k page, physical 8297708k(3715376k free), swap 9542892k(4088220k free)

vm_info: Java HotSpot(TM) 64-Bit Server VM (20.13-b02) for windows-amd64 JRE (1.6.0_38-b05), built on Nov 14 2012 00:54:08 by "java_re" with MS VC++ 8.0 (VS2005)

time: Sat May 10 14:19:52 2014
elapsed time: 0 seconds

